<?xml version="1.0" encoding="UTF-8"?>
<!-- Generated by org.testng.reporters.JUnitReportReporter -->
<testsuite hostname="DESKTOP-UA7G0ND" failures="0" tests="2" name="AEcommerce_tests.ContactUsForm_SubscriptionTest" time="63.433" errors="0" timestamp="2024-11-12T16:09:00 GMT+05:30" skipped="0">
  <testcase classname="AEcommerce_tests.ContactUsForm_SubscriptionTest" name="contactUs" time="44.087"/>
  <system-out/>
  <testcase classname="AEcommerce_tests.ContactUsForm_SubscriptionTest" name="verifySubscription" time="19.346"/>
  <system-out/>
</testsuite> <!-- AEcommerce_tests.ContactUsForm_SubscriptionTest -->
